#
# A fatal error has been detected by the Java Runtime Environment:
#
#  EXCEPTION_ACCESS_VIOLATION (0xc0000005) at pc=0x00007fff30819b5b, pid=14408, tid=18400
#
# JRE version: Java(TM) SE Runtime Environment (13.0.1+9) (build 13.0.1+9)
# Java VM: Java HotSpot(TM) 64-Bit Server VM (13.0.1+9, mixed mode, tiered, compressed oops, g1 gc, windows-amd64)
# Problematic frame:
# V  [jvm.dll+0x6a9b5b]
#
# No core dump will be written. Minidumps are not enabled by default on client versions of Windows
#
# If you would like to submit a bug report, please visit:
#   http://bugreport.java.com/bugreport/crash.jsp
#

---------------  S U M M A R Y ------------

Command Line: -agentlib:jdwp=transport=dt_socket,suspend=y,address=localhost:59186 -ea --add-opens=pt.ulisboa.tecnico.learnjava.sibs/pt.ulisboa.tecnico.learnjava.sibs.sibs=ALL-UNNAMED -javaagent:C:\Users\mariajalves\eclipse\java-2019-093\eclipse\configuration\org.eclipse.osgi\229\0\.cp\lib\javaagent-shaded.jar --add-modules=ALL-MODULE-PATH -Dfile.encoding=Cp1252 --module-path=C:\Users\mariajalves\Desktop\Github_Repositories\Project_SE_Group03\sise-sibs\target\classes;C:\Users\mariajalves\Desktop\Github_Repositories\Project_SE_Group03\sise-bank\target\classes --patch-module=pt.ulisboa.tecnico.learnjava.sibs=C:\Users\mariajalves\Desktop\Github_Repositories\Project_SE_Group03\sise-sibs\target\test-classes --add-reads=pt.ulisboa.tecnico.learnjava.sibs=ALL-UNNAMED --add-reads=pt.ulisboa.tecnico.learnjava.bank=ALL-UNNAMED org.eclipse.jdt.internal.junit.runner.RemoteTestRunner -version 3 -port 59185 -testLoaderClass org.eclipse.jdt.internal.junit4.runner.JUnit4TestLoader -loaderpluginname org.eclipse.jdt.junit4.runtime -classNames pt.ulisboa.tecnico.learnjava.sibs.sibs.ComissionMockitoTest

Host: Intel(R) Core(TM) i7-8650U CPU @ 1.90GHz, 8 cores, 15G,  Windows 10 , 64 bit Build 17763 (10.0.17763.475)
Time: Mon Mar 30 19:20:38 2020 GMT Daylight Time elapsed time: 539 seconds (0d 0h 8m 59s)

---------------  T H R E A D  ---------------

Current thread (0x00000244b6fde800):  JavaThread "JDWP Transport Listener: dt_socket" daemon [_thread_in_vm, id=18400, stack(0x000000e5c5900000,0x000000e5c5a00000)] _threads_hazard_ptr=0x00000244b75ac610

Stack: [0x000000e5c5900000,0x000000e5c5a00000],  sp=0x000000e5c59feac0,  free space=1018k
Native frames: (J=compiled Java code, j=interpreted, Vv=VM code, C=native code)
V  [jvm.dll+0x6a9b5b]
V  [jvm.dll+0x331b03]
V  [jvm.dll+0x33381b]
V  [jvm.dll+0x3340ee]
V  [jvm.dll+0x33195c]
V  [jvm.dll+0x330b92]
V  [jvm.dll+0x6160a5]
V  [jvm.dll+0x615e2d]
V  [jvm.dll+0x5df993]
V  [jvm.dll+0x76a37f]
V  [jvm.dll+0x4f8226]
V  [jvm.dll+0x77963d]
V  [jvm.dll+0x4de2fe]
V  [jvm.dll+0x4a2b10]
C  [jdwp.dll+0x751f]


siginfo: EXCEPTION_ACCESS_VIOLATION (0xc0000005), reading address 0x0000000000000006


Register to memory mapping:

RIP=0x00007fff30819b5b jvm.dll
RAX=0x000000e5c59feb50 is pointing into the stack for thread: 0x00000244b6fde800
RBX=0x000000e5c59feb20 is pointing into the stack for thread: 0x00000244b6fde800
RCX=0x0 is NULL
RDX=0x0 is NULL
RSP=0x000000e5c59feac0 is pointing into the stack for thread: 0x00000244b6fde800
RBP=0x000000e5c59ff060 is pointing into the stack for thread: 0x00000244b6fde800
RSI=0x0 is NULL
RDI=0x0 is NULL
R8 =0x0 is NULL
R9 =0x00000244b7ab2ba0 is pointing into metadata
R10=0x00007fff30170000 jvm.dll
R11=0x000000e5c59fef80 is pointing into the stack for thread: 0x00000244b6fde800
R12=0x00000244b6eeae30 points into unknown readable memory: 00 94 47 d0 00 00 00 00
R13=0x0 is NULL
R14=0x00000244b7ab3654 is pointing into metadata
R15=0x0000000000000138 is an unknown value


Registers:
RAX=0x000000e5c59feb50, RBX=0x000000e5c59feb20, RCX=0x0000000000000000, RDX=0x0000000000000000
RSP=0x000000e5c59feac0, RBP=0x000000e5c59ff060, RSI=0x0000000000000000, RDI=0x0000000000000000
R8 =0x0000000000000000, R9 =0x00000244b7ab2ba0, R10=0x00007fff30170000, R11=0x000000e5c59fef80
R12=0x00000244b6eeae30, R13=0x0000000000000000, R14=0x00000244b7ab3654, R15=0x0000000000000138
RIP=0x00007fff30819b5b, EFLAGS=0x0000000000010246

Top of Stack: (sp=0x000000e5c59feac0)
0x000000e5c59feac0:   000000e5c59feb20 0000000000000000
0x000000e5c59fead0:   0000000000000000 0000000000000000
0x000000e5c59feae0:   0000000000000001 00007fff304a1b03
0x000000e5c59feaf0:   0000000000000000 000000e5c59ff1d0
0x000000e5c59feb00:   0000000000000000 0000000000000000
0x000000e5c59feb10:   0000000000000000 0000000000000000
0x000000e5c59feb20:   00007fff309f4290 0000000000000000
0x000000e5c59feb30:   0000000000000000 000000000000000c
0x000000e5c59feb40:   000000e5c59feb50 0000000000000000
0x000000e5c59feb50:   0000000046000076 0000000000000000
0x000000e5c59feb60:   2fffffff4fffffff 2fffffff4fffffff
0x000000e5c59feb70:   0000000000000000 0000000000000000
0x000000e5c59feb80:   0000000000000000 0000000000000000
0x000000e5c59feb90:   0000000000000000 0000000000000000
0x000000e5c59feba0:   0000000000000000 0000000000000000
0x000000e5c59febb0:   0000000000000000 0000000000000000 

Instructions: (pc=0x00007fff30819b5b)
0x00007fff30819a5b:   48 8b cb ff 50 30 ff 43 14 48 c1 ef 04 eb 86 48
0x00007fff30819a6b:   8b 03 45 33 c0 33 d2 48 8b cb ff 50 48 ff 43 14
0x00007fff30819a7b:   48 c1 ef 04 e9 6c ff ff ff 48 8b 03 48 8b cb ff
0x00007fff30819a8b:   50 38 83 43 14 02 48 c1 ef 04 e9 56 ff ff ff 48
0x00007fff30819a9b:   8b 03 48 8b cb ff 50 10 ff 43 14 48 c1 ef 04 e9
0x00007fff30819aab:   41 ff ff ff 48 8b 03 48 8b cb ff 50 18 83 43 14
0x00007fff30819abb:   02 48 c1 ef 04 e9 2b ff ff ff 48 8b 0d c4 06 3f
0x00007fff30819acb:   00 48 8d 15 ed ae 22 00 e8 38 f4 f7 ff 48 8b 0d
0x00007fff30819adb:   b1 06 3f 00 48 8d 15 f2 ae 22 00 4c 8b c6 e8 22
0x00007fff30819aeb:   f4 f7 ff ba c2 00 00 00 48 8d 0d 66 ae 22 00 e8
0x00007fff30819afb:   21 3e ba ff e8 1c cf f7 ff 48 c1 ef 04 e9 e3 fe
0x00007fff30819b0b:   ff ff 0f 1f 00 11 9a 6a 00 22 9a 6a 00 34 9a 6a
0x00007fff30819b1b:   00 46 9a 6a 00 58 9a 6a 00 84 9a 6a 00 9a 9a 6a
0x00007fff30819b2b:   00 af 9a 6a 00 6a 9a 6a 00 c8 99 6a 00 cc cc cc
0x00007fff30819b3b:   cc cc cc cc cc 40 53 48 83 ec 20 c7 41 10 00 00
0x00007fff30819b4b:   00 00 48 8b d9 48 89 7c 24 38 48 8b 79 08 33 c9
0x00007fff30819b5b:   80 7f 06 28 74 26 44 8d 49 28 8d 51 36 48 8d 0d
0x00007fff30819b6b:   f1 ad 22 00 4c 8d 05 da ad 22 00 e8 25 3c ba ff
0x00007fff30819b7b:   e8 a0 ce f7 ff 8b 4b 10 48 8b 7b 08 8d 41 01 48
0x00007fff30819b8b:   63 c9 89 43 10 80 7c 39 07 29 0f 84 d3 00 00 00
0x00007fff30819b9b:   48 89 74 24 30 44 8b c0 48 8d 35 56 64 95 ff 66
0x00007fff30819bab:   0f 1f 44 00 00 49 63 c8 0f be 54 39 06 83 c2 be
0x00007fff30819bbb:   83 fa 19 77 7b 48 63 ca 0f b6 8c 0e 1c 9d 6a 00
0x00007fff30819bcb:   8b 94 8e 0c 9d 6a 00 48 03 d6 ff e2 41 8d 40 01
0x00007fff30819bdb:   89 43 10 eb 74 48 63 c8 ff c0 89 43 10 44 8b c0
0x00007fff30819beb:   80 7c 39 06 3b 75 ee eb 63 0f 1f 40 00 0f 1f 84
0x00007fff30819bfb:   00 00 00 00 00 ff c0 48 63 c8 89 43 10 0f b6 54
0x00007fff30819c0b:   39 06 80 fa 5b 74 ee 80 fa 4c 75 1d 66 0f 1f 84
0x00007fff30819c1b:   00 00 00 00 00 48 63 c8 ff c0 89 43 10 44 8b c0
0x00007fff30819c2b:   80 7c 39 06 3b 75 ee eb 23 ff c0 89 43 10 eb 19
0x00007fff30819c3b:   ba f1 00 00 00 48 8d 0d 19 ad 22 00 e8 d4 3c ba
0x00007fff30819c4b:   ff e8 cf cd f7 ff 8b 43 10 44 8b c0 49 63 c8 80 


Stack slot to memory mapping:
stack at sp + 0 slots: 0x000000e5c59feb20 is pointing into the stack for thread: 0x00000244b6fde800
stack at sp + 1 slots: 0x0 is NULL
stack at sp + 2 slots: 0x0 is NULL
stack at sp + 3 slots: 0x0 is NULL
stack at sp + 4 slots: 0x0000000000000001 is an unknown value
stack at sp + 5 slots: 0x00007fff304a1b03 jvm.dll
stack at sp + 6 slots: 0x0 is NULL
stack at sp + 7 slots: 0x000000e5c59ff1d0 is pointing into the stack for thread: 0x00000244b6fde800


---------------  P R O C E S S  ---------------

Threads class SMR info:
_java_thread_list=0x00000244b75ac610, length=14, elements={
0x00000244907cc000, 0x00000244b6a99800, 0x00000244b6aa5000, 0x00000244b6add800,
0x00000244b6ade000, 0x00000244b6aed800, 0x00000244b6af1000, 0x00000244b6b14000,
0x00000244b6bb4800, 0x00000244b6fde800, 0x00000244b6ff4800, 0x00000244b6ff9800,
0x00000244b7170800, 0x00000244b7186800
}

Java Threads: ( => current thread )
  0x00000244907cc000 JavaThread "main" [_thread_blocked, id=9764, stack(0x000000e5c4a00000,0x000000e5c4b00000)]
  0x00000244b6a99800 JavaThread "Reference Handler" daemon [_thread_blocked, id=7664, stack(0x000000e5c5100000,0x000000e5c5200000)]
  0x00000244b6aa5000 JavaThread "Finalizer" daemon [_thread_blocked, id=12160, stack(0x000000e5c5200000,0x000000e5c5300000)]
  0x00000244b6add800 JavaThread "Signal Dispatcher" daemon [_thread_blocked, id=10760, stack(0x000000e5c5300000,0x000000e5c5400000)]
  0x00000244b6ade000 JavaThread "Attach Listener" daemon [_thread_blocked, id=3252, stack(0x000000e5c5400000,0x000000e5c5500000)]
  0x00000244b6aed800 JavaThread "C2 CompilerThread0" daemon [_thread_blocked, id=17628, stack(0x000000e5c5500000,0x000000e5c5600000)]
  0x00000244b6af1000 JavaThread "C1 CompilerThread0" daemon [_thread_blocked, id=3300, stack(0x000000e5c5600000,0x000000e5c5700000)]
  0x00000244b6b14000 JavaThread "Sweeper thread" daemon [_thread_blocked, id=12232, stack(0x000000e5c5700000,0x000000e5c5800000)]
  0x00000244b6bb4800 JavaThread "Common-Cleaner" daemon [_thread_blocked, id=17840, stack(0x000000e5c5800000,0x000000e5c5900000)]
=>0x00000244b6fde800 JavaThread "JDWP Transport Listener: dt_socket" daemon [_thread_in_vm, id=18400, stack(0x000000e5c5900000,0x000000e5c5a00000)]
  0x00000244b6ff4800 JavaThread "JDWP Event Helper Thread" daemon [_thread_blocked, id=6292, stack(0x000000e5c5a00000,0x000000e5c5b00000)]
  0x00000244b6ff9800 JavaThread "JDWP Command Reader" daemon [_thread_in_native, id=18160, stack(0x000000e5c5b00000,0x000000e5c5c00000)]
  0x00000244b7170800 JavaThread "Service Thread" daemon [_thread_blocked, id=12732, stack(0x000000e5c5c00000,0x000000e5c5d00000)]
  0x00000244b7186800 JavaThread "ReaderThread" [_thread_in_native, id=19424, stack(0x000000e5c5e00000,0x000000e5c5f00000)]

Other Threads:
  0x00000244b6a85000 VMThread "VM Thread" [stack: 0x000000e5c5000000,0x000000e5c5100000] [id=14824]
  0x00000244b71cb000 WatcherThread [stack: 0x000000e5c5d00000,0x000000e5c5e00000] [id=5592]
  0x00000244b35c9000 GCTaskThread "GC Thread#0" [stack: 0x000000e5c4b00000,0x000000e5c4c00000] [id=13396]
  0x00000244b75a9000 GCTaskThread "GC Thread#1" [stack: 0x000000e5c6000000,0x000000e5c6100000] [id=11940]
  0x00000244b75aa000 GCTaskThread "GC Thread#2" [stack: 0x000000e5c6100000,0x000000e5c6200000] [id=14516]
  0x00000244b75aa800 GCTaskThread "GC Thread#3" [stack: 0x000000e5c6200000,0x000000e5c6300000] [id=17936]
  0x00000244b75ab800 GCTaskThread "GC Thread#4" [stack: 0x000000e5c6300000,0x000000e5c6400000] [id=9008]
  0x00000244b7623000 GCTaskThread "GC Thread#5" [stack: 0x000000e5c6400000,0x000000e5c6500000] [id=2848]
  0x00000244b35ec800 ConcurrentGCThread "G1 Main Marker" [stack: 0x000000e5c4c00000,0x000000e5c4d00000] [id=18544]
  0x00000244b35f0800 ConcurrentGCThread "G1 Conc#0" [stack: 0x000000e5c4d00000,0x000000e5c4e00000] [id=2752]
  0x00000244b3716800 ConcurrentGCThread "G1 Refine#0" [stack: 0x000000e5c4e00000,0x000000e5c4f00000] [id=18772]
  0x00000244b3718800 ConcurrentGCThread "G1 Young RemSet Sampling" [stack: 0x000000e5c4f00000,0x000000e5c5000000] [id=3340]

Threads with active compile tasks:

VM state:not at safepoint (normal execution)

VM Mutex/Monitor currently owned by a thread: None

Heap address: 0x00000006c1e00000, size: 4066 MB, Compressed Oops mode: Zero based, Oop shift amount: 3
Narrow klass base: 0x0000000000000000, Narrow klass shift: 3
Compressed class space size: 1073741824 Address: 0x00000007c0000000

Heap:
 garbage-first heap   total 262144K, used 7174K [0x00000006c1e00000, 0x00000007c0000000)
  region size 1024K, 8 young (8192K), 3 survivors (3072K)
 Metaspace       used 17077K, capacity 17375K, committed 17664K, reserved 1064960K
  class space    used 2094K, capacity 2180K, committed 2304K, reserved 1048576K
Heap Regions: E=young(eden), S=young(survivor), O=old, HS=humongous(starts), HC=humongous(continues), CS=collection set, F=free, A=archive, TAMS=top-at-mark-start (previous, next)
|   0|0x00000006c1e00000, 0x00000006c1e01a00, 0x00000006c1f00000|  0%| O|  |TAMS 0x00000006c1e00000, 0x00000006c1e00000| Untracked 
|   1|0x00000006c1f00000, 0x00000006c1f00000, 0x00000006c2000000|  0%| F|  |TAMS 0x00000006c1f00000, 0x00000006c1f00000| Untracked 
|   2|0x00000006c2000000, 0x00000006c2000000, 0x00000006c2100000|  0%| F|  |TAMS 0x00000006c2000000, 0x00000006c2000000| Untracked 
|   3|0x00000006c2100000, 0x00000006c2100000, 0x00000006c2200000|  0%| F|  |TAMS 0x00000006c2100000, 0x00000006c2100000| Untracked 
|   4|0x00000006c2200000, 0x00000006c2200000, 0x00000006c2300000|  0%| F|  |TAMS 0x00000006c2200000, 0x00000006c2200000| Untracked 
|   5|0x00000006c2300000, 0x00000006c2300000, 0x00000006c2400000|  0%| F|  |TAMS 0x00000006c2300000, 0x00000006c2300000| Untracked 
|   6|0x00000006c2400000, 0x00000006c2400000, 0x00000006c2500000|  0%| F|  |TAMS 0x00000006c2400000, 0x00000006c2400000| Untracked 
|   7|0x00000006c2500000, 0x00000006c2500000, 0x00000006c2600000|  0%| F|  |TAMS 0x00000006c2500000, 0x00000006c2500000| Untracked 
|   8|0x00000006c2600000, 0x00000006c2600000, 0x00000006c2700000|  0%| F|  |TAMS 0x00000006c2600000, 0x00000006c2600000| Untracked 
|   9|0x00000006c2700000, 0x00000006c2700000, 0x00000006c2800000|  0%| F|  |TAMS 0x00000006c2700000, 0x00000006c2700000| Untracked 
|  10|0x00000006c2800000, 0x00000006c2800000, 0x00000006c2900000|  0%| F|  |TAMS 0x00000006c2800000, 0x00000006c2800000| Untracked 
|  11|0x00000006c2900000, 0x00000006c2900000, 0x00000006c2a00000|  0%| F|  |TAMS 0x00000006c2900000, 0x00000006c2900000| Untracked 
|  12|0x00000006c2a00000, 0x00000006c2a00000, 0x00000006c2b00000|  0%| F|  |TAMS 0x00000006c2a00000, 0x00000006c2a00000| Untracked 
|  13|0x00000006c2b00000, 0x00000006c2b00000, 0x00000006c2c00000|  0%| F|  |TAMS 0x00000006c2b00000, 0x00000006c2b00000| Untracked 
|  14|0x00000006c2c00000, 0x00000006c2c00000, 0x00000006c2d00000|  0%| F|  |TAMS 0x00000006c2c00000, 0x00000006c2c00000| Untracked 
|  15|0x00000006c2d00000, 0x00000006c2d00000, 0x00000006c2e00000|  0%| F|  |TAMS 0x00000006c2d00000, 0x00000006c2d00000| Untracked 
|  16|0x00000006c2e00000, 0x00000006c2e00000, 0x00000006c2f00000|  0%| F|  |TAMS 0x00000006c2e00000, 0x00000006c2e00000| Untracked 
|  17|0x00000006c2f00000, 0x00000006c2f00000, 0x00000006c3000000|  0%| F|  |TAMS 0x00000006c2f00000, 0x00000006c2f00000| Untracked 
|  18|0x00000006c3000000, 0x00000006c3000000, 0x00000006c3100000|  0%| F|  |TAMS 0x00000006c3000000, 0x00000006c3000000| Untracked 
|  19|0x00000006c3100000, 0x00000006c3100000, 0x00000006c3200000|  0%| F|  |TAMS 0x00000006c3100000, 0x00000006c3100000| Untracked 
|  20|0x00000006c3200000, 0x00000006c3200000, 0x00000006c3300000|  0%| F|  |TAMS 0x00000006c3200000, 0x00000006c3200000| Untracked 
|  21|0x00000006c3300000, 0x00000006c3300000, 0x00000006c3400000|  0%| F|  |TAMS 0x00000006c3300000, 0x00000006c3300000| Untracked 
|  22|0x00000006c3400000, 0x00000006c3400000, 0x00000006c3500000|  0%| F|  |TAMS 0x00000006c3400000, 0x00000006c3400000| Untracked 
|  23|0x00000006c3500000, 0x00000006c3500000, 0x00000006c3600000|  0%| F|  |TAMS 0x00000006c3500000, 0x00000006c3500000| Untracked 
|  24|0x00000006c3600000, 0x00000006c3600000, 0x00000006c3700000|  0%| F|  |TAMS 0x00000006c3600000, 0x00000006c3600000| Untracked 
|  25|0x00000006c3700000, 0x00000006c3700000, 0x00000006c3800000|  0%| F|  |TAMS 0x00000006c3700000, 0x00000006c3700000| Untracked 
|  26|0x00000006c3800000, 0x00000006c3800000, 0x00000006c3900000|  0%| F|  |TAMS 0x00000006c3800000, 0x00000006c3800000| Untracked 
|  27|0x00000006c3900000, 0x00000006c3900000, 0x00000006c3a00000|  0%| F|  |TAMS 0x00000006c3900000, 0x00000006c3900000| Untracked 
|  28|0x00000006c3a00000, 0x00000006c3a00000, 0x00000006c3b00000|  0%| F|  |TAMS 0x00000006c3a00000, 0x00000006c3a00000| Untracked 
|  29|0x00000006c3b00000, 0x00000006c3b00000, 0x00000006c3c00000|  0%| F|  |TAMS 0x00000006c3b00000, 0x00000006c3b00000| Untracked 
|  30|0x00000006c3c00000, 0x00000006c3c00000, 0x00000006c3d00000|  0%| F|  |TAMS 0x00000006c3c00000, 0x00000006c3c00000| Untracked 
|  31|0x00000006c3d00000, 0x00000006c3d00000, 0x00000006c3e00000|  0%| F|  |TAMS 0x00000006c3d00000, 0x00000006c3d00000| Untracked 
|  32|0x00000006c3e00000, 0x00000006c3e00000, 0x00000006c3f00000|  0%| F|  |TAMS 0x00000006c3e00000, 0x00000006c3e00000| Untracked 
|  33|0x00000006c3f00000, 0x00000006c3f00000, 0x00000006c4000000|  0%| F|  |TAMS 0x00000006c3f00000, 0x00000006c3f00000| Untracked 
|  34|0x00000006c4000000, 0x00000006c4000000, 0x00000006c4100000|  0%| F|  |TAMS 0x00000006c4000000, 0x00000006c4000000| Untracked 
|  35|0x00000006c4100000, 0x00000006c4100000, 0x00000006c4200000|  0%| F|  |TAMS 0x00000006c4100000, 0x00000006c4100000| Untracked 
|  36|0x00000006c4200000, 0x00000006c4200000, 0x00000006c4300000|  0%| F|  |TAMS 0x00000006c4200000, 0x00000006c4200000| Untracked 
|  37|0x00000006c4300000, 0x00000006c4300000, 0x00000006c4400000|  0%| F|  |TAMS 0x00000006c4300000, 0x00000006c4300000| Untracked 
|  38|0x00000006c4400000, 0x00000006c4400000, 0x00000006c4500000|  0%| F|  |TAMS 0x00000006c4400000, 0x00000006c4400000| Untracked 
|  39|0x00000006c4500000, 0x00000006c4500000, 0x00000006c4600000|  0%| F|  |TAMS 0x00000006c4500000, 0x00000006c4500000| Untracked 
|  40|0x00000006c4600000, 0x00000006c4600000, 0x00000006c4700000|  0%| F|  |TAMS 0x00000006c4600000, 0x00000006c4600000| Untracked 
|  41|0x00000006c4700000, 0x00000006c4700000, 0x00000006c4800000|  0%| F|  |TAMS 0x00000006c4700000, 0x00000006c4700000| Untracked 
|  42|0x00000006c4800000, 0x00000006c4800000, 0x00000006c4900000|  0%| F|  |TAMS 0x00000006c4800000, 0x00000006c4800000| Untracked 
|  43|0x00000006c4900000, 0x00000006c4900000, 0x00000006c4a00000|  0%| F|  |TAMS 0x00000006c4900000, 0x00000006c4900000| Untracked 
|  44|0x00000006c4a00000, 0x00000006c4a00000, 0x00000006c4b00000|  0%| F|  |TAMS 0x00000006c4a00000, 0x00000006c4a00000| Untracked 
|  45|0x00000006c4b00000, 0x00000006c4b00000, 0x00000006c4c00000|  0%| F|  |TAMS 0x00000006c4b00000, 0x00000006c4b00000| Untracked 
|  46|0x00000006c4c00000, 0x00000006c4c00000, 0x00000006c4d00000|  0%| F|  |TAMS 0x00000006c4c00000, 0x00000006c4c00000| Untracked 
|  47|0x00000006c4d00000, 0x00000006c4d00000, 0x00000006c4e00000|  0%| F|  |TAMS 0x00000006c4d00000, 0x00000006c4d00000| Untracked 
|  48|0x00000006c4e00000, 0x00000006c4e00000, 0x00000006c4f00000|  0%| F|  |TAMS 0x00000006c4e00000, 0x00000006c4e00000| Untracked 
|  49|0x00000006c4f00000, 0x00000006c4f00000, 0x00000006c5000000|  0%| F|  |TAMS 0x00000006c4f00000, 0x00000006c4f00000| Untracked 
|  50|0x00000006c5000000, 0x00000006c5000000, 0x00000006c5100000|  0%| F|  |TAMS 0x00000006c5000000, 0x00000006c5000000| Untracked 
|  51|0x00000006c5100000, 0x00000006c5100000, 0x00000006c5200000|  0%| F|  |TAMS 0x00000006c5100000, 0x00000006c5100000| Untracked 
|  52|0x00000006c5200000, 0x00000006c5200000, 0x00000006c5300000|  0%| F|  |TAMS 0x00000006c5200000, 0x00000006c5200000| Untracked 
|  53|0x00000006c5300000, 0x00000006c5300000, 0x00000006c5400000|  0%| F|  |TAMS 0x00000006c5300000, 0x00000006c5300000| Untracked 
|  54|0x00000006c5400000, 0x00000006c5400000, 0x00000006c5500000|  0%| F|  |TAMS 0x00000006c5400000, 0x00000006c5400000| Untracked 
|  55|0x00000006c5500000, 0x00000006c5500000, 0x00000006c5600000|  0%| F|  |TAMS 0x00000006c5500000, 0x00000006c5500000| Untracked 
|  56|0x00000006c5600000, 0x00000006c5600000, 0x00000006c5700000|  0%| F|  |TAMS 0x00000006c5600000, 0x00000006c5600000| Untracked 
|  57|0x00000006c5700000, 0x00000006c5700000, 0x00000006c5800000|  0%| F|  |TAMS 0x00000006c5700000, 0x00000006c5700000| Untracked 
|  58|0x00000006c5800000, 0x00000006c5800000, 0x00000006c5900000|  0%| F|  |TAMS 0x00000006c5800000, 0x00000006c5800000| Untracked 
|  59|0x00000006c5900000, 0x00000006c5900000, 0x00000006c5a00000|  0%| F|  |TAMS 0x00000006c5900000, 0x00000006c5900000| Untracked 
|  60|0x00000006c5a00000, 0x00000006c5a00000, 0x00000006c5b00000|  0%| F|  |TAMS 0x00000006c5a00000, 0x00000006c5a00000| Untracked 
|  61|0x00000006c5b00000, 0x00000006c5b00000, 0x00000006c5c00000|  0%| F|  |TAMS 0x00000006c5b00000, 0x00000006c5b00000| Untracked 
|  62|0x00000006c5c00000, 0x00000006c5c00000, 0x00000006c5d00000|  0%| F|  |TAMS 0x00000006c5c00000, 0x00000006c5c00000| Untracked 
|  63|0x00000006c5d00000, 0x00000006c5d00000, 0x00000006c5e00000|  0%| F|  |TAMS 0x00000006c5d00000, 0x00000006c5d00000| Untracked 
|  64|0x00000006c5e00000, 0x00000006c5e00000, 0x00000006c5f00000|  0%| F|  |TAMS 0x00000006c5e00000, 0x00000006c5e00000| Untracked 
|  65|0x00000006c5f00000, 0x00000006c5f00000, 0x00000006c6000000|  0%| F|  |TAMS 0x00000006c5f00000, 0x00000006c5f00000| Untracked 
|  66|0x00000006c6000000, 0x00000006c6000000, 0x00000006c6100000|  0%| F|  |TAMS 0x00000006c6000000, 0x00000006c6000000| Untracked 
|  67|0x00000006c6100000, 0x00000006c6100000, 0x00000006c6200000|  0%| F|  |TAMS 0x00000006c6100000, 0x00000006c6100000| Untracked 
|  68|0x00000006c6200000, 0x00000006c6200000, 0x00000006c6300000|  0%| F|  |TAMS 0x00000006c6200000, 0x00000006c6200000| Untracked 
|  69|0x00000006c6300000, 0x00000006c6300000, 0x00000006c6400000|  0%| F|  |TAMS 0x00000006c6300000, 0x00000006c6300000| Untracked 
|  70|0x00000006c6400000, 0x00000006c6400000, 0x00000006c6500000|  0%| F|  |TAMS 0x00000006c6400000, 0x00000006c6400000| Untracked 
|  71|0x00000006c6500000, 0x00000006c6500000, 0x00000006c6600000|  0%| F|  |TAMS 0x00000006c6500000, 0x00000006c6500000| Untracked 
|  72|0x00000006c6600000, 0x00000006c6600000, 0x00000006c6700000|  0%| F|  |TAMS 0x00000006c6600000, 0x00000006c6600000| Untracked 
|  73|0x00000006c6700000, 0x00000006c6700000, 0x00000006c6800000|  0%| F|  |TAMS 0x00000006c6700000, 0x00000006c6700000| Untracked 
|  74|0x00000006c6800000, 0x00000006c6800000, 0x00000006c6900000|  0%| F|  |TAMS 0x00000006c6800000, 0x00000006c6800000| Untracked 
|  75|0x00000006c6900000, 0x00000006c6900000, 0x00000006c6a00000|  0%| F|  |TAMS 0x00000006c6900000, 0x00000006c6900000| Untracked 
|  76|0x00000006c6a00000, 0x00000006c6a00000, 0x00000006c6b00000|  0%| F|  |TAMS 0x00000006c6a00000, 0x00000006c6a00000| Untracked 
|  77|0x00000006c6b00000, 0x00000006c6b00000, 0x00000006c6c00000|  0%| F|  |TAMS 0x00000006c6b00000, 0x00000006c6b00000| Untracked 
|  78|0x00000006c6c00000, 0x00000006c6c00000, 0x00000006c6d00000|  0%| F|  |TAMS 0x00000006c6c00000, 0x00000006c6c00000| Untracked 
|  79|0x00000006c6d00000, 0x00000006c6d00000, 0x00000006c6e00000|  0%| F|  |TAMS 0x00000006c6d00000, 0x00000006c6d00000| Untracked 
|  80|0x00000006c6e00000, 0x00000006c6e00000, 0x00000006c6f00000|  0%| F|  |TAMS 0x00000006c6e00000, 0x00000006c6e00000| Untracked 
|  81|0x00000006c6f00000, 0x00000006c6f00000, 0x00000006c7000000|  0%| F|  |TAMS 0x00000006c6f00000, 0x00000006c6f00000| Untracked 
|  82|0x00000006c7000000, 0x00000006c7000000, 0x00000006c7100000|  0%| F|  |TAMS 0x00000006c7000000, 0x00000006c7000000| Untracked 
|  83|0x00000006c7100000, 0x00000006c7100000, 0x00000006c7200000|  0%| F|  |TAMS 0x00000006c7100000, 0x00000006c7100000| Untracked 
|  84|0x00000006c7200000, 0x00000006c7200000, 0x00000006c7300000|  0%| F|  |TAMS 0x00000006c7200000, 0x00000006c7200000| Untracked 
|  85|0x00000006c7300000, 0x00000006c7300000, 0x00000006c7400000|  0%| F|  |TAMS 0x00000006c7300000, 0x00000006c7300000| Untracked 
|  86|0x00000006c7400000, 0x00000006c7400000, 0x00000006c7500000|  0%| F|  |TAMS 0x00000006c7400000, 0x00000006c7400000| Untracked 
|  87|0x00000006c7500000, 0x00000006c7500000, 0x00000006c7600000|  0%| F|  |TAMS 0x00000006c7500000, 0x00000006c7500000| Untracked 
|  88|0x00000006c7600000, 0x00000006c7600000, 0x00000006c7700000|  0%| F|  |TAMS 0x00000006c7600000, 0x00000006c7600000| Untracked 
|  89|0x00000006c7700000, 0x00000006c7700000, 0x00000006c7800000|  0%| F|  |TAMS 0x00000006c7700000, 0x00000006c7700000| Untracked 
|  90|0x00000006c7800000, 0x00000006c7800000, 0x00000006c7900000|  0%| F|  |TAMS 0x00000006c7800000, 0x00000006c7800000| Untracked 
|  91|0x00000006c7900000, 0x00000006c7900000, 0x00000006c7a00000|  0%| F|  |TAMS 0x00000006c7900000, 0x00000006c7900000| Untracked 
|  92|0x00000006c7a00000, 0x00000006c7a00000, 0x00000006c7b00000|  0%| F|  |TAMS 0x00000006c7a00000, 0x00000006c7a00000| Untracked 
|  93|0x00000006c7b00000, 0x00000006c7b00000, 0x00000006c7c00000|  0%| F|  |TAMS 0x00000006c7b00000, 0x00000006c7b00000| Untracked 
|  94|0x00000006c7c00000, 0x00000006c7c00000, 0x00000006c7d00000|  0%| F|  |TAMS 0x00000006c7c00000, 0x00000006c7c00000| Untracked 
|  95|0x00000006c7d00000, 0x00000006c7d00000, 0x00000006c7e00000|  0%| F|  |TAMS 0x00000006c7d00000, 0x00000006c7d00000| Untracked 
|  96|0x00000006c7e00000, 0x00000006c7e00000, 0x00000006c7f00000|  0%| F|  |TAMS 0x00000006c7e00000, 0x00000006c7e00000| Untracked 
|  97|0x00000006c7f00000, 0x00000006c7f00000, 0x00000006c8000000|  0%| F|  |TAMS 0x00000006c7f00000, 0x00000006c7f00000| Untracked 
|  98|0x00000006c8000000, 0x00000006c8000000, 0x00000006c8100000|  0%| F|  |TAMS 0x00000006c8000000, 0x00000006c8000000| Untracked 
|  99|0x00000006c8100000, 0x00000006c8100000, 0x00000006c8200000|  0%| F|  |TAMS 0x00000006c8100000, 0x00000006c8100000| Untracked 
| 100|0x00000006c8200000, 0x00000006c8200000, 0x00000006c8300000|  0%| F|  |TAMS 0x00000006c8200000, 0x00000006c8200000| Untracked 
| 101|0x00000006c8300000, 0x00000006c8300000, 0x00000006c8400000|  0%| F|  |TAMS 0x00000006c8300000, 0x00000006c8300000| Untracked 
| 102|0x00000006c8400000, 0x00000006c8400000, 0x00000006c8500000|  0%| F|  |TAMS 0x00000006c8400000, 0x00000006c8400000| Untracked 
| 103|0x00000006c8500000, 0x00000006c8500000, 0x00000006c8600000|  0%| F|  |TAMS 0x00000006c8500000, 0x00000006c8500000| Untracked 
| 104|0x00000006c8600000, 0x00000006c8600000, 0x00000006c8700000|  0%| F|  |TAMS 0x00000006c8600000, 0x00000006c8600000| Untracked 
| 105|0x00000006c8700000, 0x00000006c8700000, 0x00000006c8800000|  0%| F|  |TAMS 0x00000006c8700000, 0x00000006c8700000| Untracked 
| 106|0x00000006c8800000, 0x00000006c8800000, 0x00000006c8900000|  0%| F|  |TAMS 0x00000006c8800000, 0x00000006c8800000| Untracked 
| 107|0x00000006c8900000, 0x00000006c8900000, 0x00000006c8a00000|  0%| F|  |TAMS 0x00000006c8900000, 0x00000006c8900000| Untracked 
| 108|0x00000006c8a00000, 0x00000006c8a00000, 0x00000006c8b00000|  0%| F|  |TAMS 0x00000006c8a00000, 0x00000006c8a00000| Untracked 
| 109|0x00000006c8b00000, 0x00000006c8b00000, 0x00000006c8c00000|  0%| F|  |TAMS 0x00000006c8b00000, 0x00000006c8b00000| Untracked 
| 110|0x00000006c8c00000, 0x00000006c8c00000, 0x00000006c8d00000|  0%| F|  |TAMS 0x00000006c8c00000, 0x00000006c8c00000| Untracked 
| 111|0x00000006c8d00000, 0x00000006c8d00000, 0x00000006c8e00000|  0%| F|  |TAMS 0x00000006c8d00000, 0x00000006c8d00000| Untracked 
| 112|0x00000006c8e00000, 0x00000006c8e00000, 0x00000006c8f00000|  0%| F|  |TAMS 0x00000006c8e00000, 0x00000006c8e00000| Untracked 
| 113|0x00000006c8f00000, 0x00000006c8f00000, 0x00000006c9000000|  0%| F|  |TAMS 0x00000006c8f00000, 0x00000006c8f00000| Untracked 
| 114|0x00000006c9000000, 0x00000006c9000000, 0x00000006c9100000|  0%| F|  |TAMS 0x00000006c9000000, 0x00000006c9000000| Untracked 
| 115|0x00000006c9100000, 0x00000006c9100000, 0x00000006c9200000|  0%| F|  |TAMS 0x00000006c9100000, 0x00000006c9100000| Untracked 
| 116|0x00000006c9200000, 0x00000006c9200000, 0x00000006c9300000|  0%| F|  |TAMS 0x00000006c9200000, 0x00000006c9200000| Untracked 
| 117|0x00000006c9300000, 0x00000006c9300000, 0x00000006c9400000|  0%| F|  |TAMS 0x00000006c9300000, 0x00000006c9300000| Untracked 
| 118|0x00000006c9400000, 0x00000006c9400000, 0x00000006c9500000|  0%| F|  |TAMS 0x00000006c9400000, 0x00000006c9400000| Untracked 
| 119|0x00000006c9500000, 0x00000006c9500000, 0x00000006c9600000|  0%| F|  |TAMS 0x00000006c9500000, 0x00000006c9500000| Untracked 
| 120|0x00000006c9600000, 0x00000006c9600000, 0x00000006c9700000|  0%| F|  |TAMS 0x00000006c9600000, 0x00000006c9600000| Untracked 
| 121|0x00000006c9700000, 0x00000006c9700000, 0x00000006c9800000|  0%| F|  |TAMS 0x00000006c9700000, 0x00000006c9700000| Untracked 
| 122|0x00000006c9800000, 0x00000006c9800000, 0x00000006c9900000|  0%| F|  |TAMS 0x00000006c9800000, 0x00000006c9800000| Untracked 
| 123|0x00000006c9900000, 0x00000006c9900000, 0x00000006c9a00000|  0%| F|  |TAMS 0x00000006c9900000, 0x00000006c9900000| Untracked 
| 124|0x00000006c9a00000, 0x00000006c9a00000, 0x00000006c9b00000|  0%| F|  |TAMS 0x00000006c9a00000, 0x00000006c9a00000| Untracked 
| 125|0x00000006c9b00000, 0x00000006c9b00000, 0x00000006c9c00000|  0%| F|  |TAMS 0x00000006c9b00000, 0x00000006c9b00000| Untracked 
| 126|0x00000006c9c00000, 0x00000006c9c00000, 0x00000006c9d00000|  0%| F|  |TAMS 0x00000006c9c00000, 0x00000006c9c00000| Untracked 
| 127|0x00000006c9d00000, 0x00000006c9d00000, 0x00000006c9e00000|  0%| F|  |TAMS 0x00000006c9d00000, 0x00000006c9d00000| Untracked 
| 128|0x00000006c9e00000, 0x00000006c9e00000, 0x00000006c9f00000|  0%| F|  |TAMS 0x00000006c9e00000, 0x00000006c9e00000| Untracked 
| 129|0x00000006c9f00000, 0x00000006c9f00000, 0x00000006ca000000|  0%| F|  |TAMS 0x00000006c9f00000, 0x00000006c9f00000| Untracked 
| 130|0x00000006ca000000, 0x00000006ca000000, 0x00000006ca100000|  0%| F|  |TAMS 0x00000006ca000000, 0x00000006ca000000| Untracked 
| 131|0x00000006ca100000, 0x00000006ca100000, 0x00000006ca200000|  0%| F|  |TAMS 0x00000006ca100000, 0x00000006ca100000| Untracked 
| 132|0x00000006ca200000, 0x00000006ca200000, 0x00000006ca300000|  0%| F|  |TAMS 0x00000006ca200000, 0x00000006ca200000| Untracked 
| 133|0x00000006ca300000, 0x00000006ca300000, 0x00000006ca400000|  0%| F|  |TAMS 0x00000006ca300000, 0x00000006ca300000| Untracked 
| 134|0x00000006ca400000, 0x00000006ca400000, 0x00000006ca500000|  0%| F|  |TAMS 0x00000006ca400000, 0x00000006ca400000| Untracked 
| 135|0x00000006ca500000, 0x00000006ca500000, 0x00000006ca600000|  0%| F|  |TAMS 0x00000006ca500000, 0x00000006ca500000| Untracked 
| 136|0x00000006ca600000, 0x00000006ca600000, 0x00000006ca700000|  0%| F|  |TAMS 0x00000006ca600000, 0x00000006ca600000| Untracked 
| 137|0x00000006ca700000, 0x00000006ca700000, 0x00000006ca800000|  0%| F|  |TAMS 0x00000006ca700000, 0x00000006ca700000| Untracked 
| 138|0x00000006ca800000, 0x00000006ca800000, 0x00000006ca900000|  0%| F|  |TAMS 0x00000006ca800000, 0x00000006ca800000| Untracked 
| 139|0x00000006ca900000, 0x00000006ca900000, 0x00000006caa00000|  0%| F|  |TAMS 0x00000006ca900000, 0x00000006ca900000| Untracked 
| 140|0x00000006caa00000, 0x00000006caa00000, 0x00000006cab00000|  0%| F|  |TAMS 0x00000006caa00000, 0x00000006caa00000| Untracked 
| 141|0x00000006cab00000, 0x00000006cab00000, 0x00000006cac00000|  0%| F|  |TAMS 0x00000006cab00000, 0x00000006cab00000| Untracked 
| 142|0x00000006cac00000, 0x00000006cac00000, 0x00000006cad00000|  0%| F|  |TAMS 0x00000006cac00000, 0x00000006cac00000| Untracked 
| 143|0x00000006cad00000, 0x00000006cad00000, 0x00000006cae00000|  0%| F|  |TAMS 0x00000006cad00000, 0x00000006cad00000| Untracked 
| 144|0x00000006cae00000, 0x00000006cae00000, 0x00000006caf00000|  0%| F|  |TAMS 0x00000006cae00000, 0x00000006cae00000| Untracked 
| 145|0x00000006caf00000, 0x00000006caf00000, 0x00000006cb000000|  0%| F|  |TAMS 0x00000006caf00000, 0x00000006caf00000| Untracked 
| 146|0x00000006cb000000, 0x00000006cb000000, 0x00000006cb100000|  0%| F|  |TAMS 0x00000006cb000000, 0x00000006cb000000| Untracked 
| 147|0x00000006cb100000, 0x00000006cb100000, 0x00000006cb200000|  0%| F|  |TAMS 0x00000006cb100000, 0x00000006cb100000| Untracked 
| 148|0x00000006cb200000, 0x00000006cb200000, 0x00000006cb300000|  0%| F|  |TAMS 0x00000006cb200000, 0x00000006cb200000| Untracked 
| 149|0x00000006cb300000, 0x00000006cb300000, 0x00000006cb400000|  0%| F|  |TAMS 0x00000006cb300000, 0x00000006cb300000| Untracked 
| 150|0x00000006cb400000, 0x00000006cb400000, 0x00000006cb500000|  0%| F|  |TAMS 0x00000006cb400000, 0x00000006cb400000| Untracked 
| 151|0x00000006cb500000, 0x00000006cb500000, 0x00000006cb600000|  0%| F|  |TAMS 0x00000006cb500000, 0x00000006cb500000| Untracked 
| 152|0x00000006cb600000, 0x00000006cb600000, 0x00000006cb700000|  0%| F|  |TAMS 0x00000006cb600000, 0x00000006cb600000| Untracked 
| 153|0x00000006cb700000, 0x00000006cb700000, 0x00000006cb800000|  0%| F|  |TAMS 0x00000006cb700000, 0x00000006cb700000| Untracked 
| 154|0x00000006cb800000, 0x00000006cb800000, 0x00000006cb900000|  0%| F|  |TAMS 0x00000006cb800000, 0x00000006cb800000| Untracked 
| 155|0x00000006cb900000, 0x00000006cb900000, 0x00000006cba00000|  0%| F|  |TAMS 0x00000006cb900000, 0x00000006cb900000| Untracked 
| 156|0x00000006cba00000, 0x00000006cba00000, 0x00000006cbb00000|  0%| F|  |TAMS 0x00000006cba00000, 0x00000006cba00000| Untracked 
| 157|0x00000006cbb00000, 0x00000006cbb00000, 0x00000006cbc00000|  0%| F|  |TAMS 0x00000006cbb00000, 0x00000006cbb00000| Untracked 
| 158|0x00000006cbc00000, 0x00000006cbc00000, 0x00000006cbd00000|  0%| F|  |TAMS 0x00000006cbc00000, 0x00000006cbc00000| Untracked 
| 159|0x00000006cbd00000, 0x00000006cbd00000, 0x00000006cbe00000|  0%| F|  |TAMS 0x00000006cbd00000, 0x00000006cbd00000| Untracked 
| 160|0x00000006cbe00000, 0x00000006cbe00000, 0x00000006cbf00000|  0%| F|  |TAMS 0x00000006cbe00000, 0x00000006cbe00000| Untracked 
| 161|0x00000006cbf00000, 0x00000006cbf00000, 0x00000006cc000000|  0%| F|  |TAMS 0x00000006cbf00000, 0x00000006cbf00000| Untracked 
| 162|0x00000006cc000000, 0x00000006cc000000, 0x00000006cc100000|  0%| F|  |TAMS 0x00000006cc000000, 0x00000006cc000000| Untracked 
| 163|0x00000006cc100000, 0x00000006cc100000, 0x00000006cc200000|  0%| F|  |TAMS 0x00000006cc100000, 0x00000006cc100000| Untracked 
| 164|0x00000006cc200000, 0x00000006cc200000, 0x00000006cc300000|  0%| F|  |TAMS 0x00000006cc200000, 0x00000006cc200000| Untracked 
| 165|0x00000006cc300000, 0x00000006cc300000, 0x00000006cc400000|  0%| F|  |TAMS 0x00000006cc300000, 0x00000006cc300000| Untracked 
| 166|0x00000006cc400000, 0x00000006cc400000, 0x00000006cc500000|  0%| F|  |TAMS 0x00000006cc400000, 0x00000006cc400000| Untracked 
| 167|0x00000006cc500000, 0x00000006cc500000, 0x00000006cc600000|  0%| F|  |TAMS 0x00000006cc500000, 0x00000006cc500000| Untracked 
| 168|0x00000006cc600000, 0x00000006cc600000, 0x00000006cc700000|  0%| F|  |TAMS 0x00000006cc600000, 0x00000006cc600000| Untracked 
| 169|0x00000006cc700000, 0x00000006cc700000, 0x00000006cc800000|  0%| F|  |TAMS 0x00000006cc700000, 0x00000006cc700000| Untracked 
| 170|0x00000006cc800000, 0x00000006cc800000, 0x00000006cc900000|  0%| F|  |TAMS 0x00000006cc800000, 0x00000006cc800000| Untracked 
| 171|0x00000006cc900000, 0x00000006cc900000, 0x00000006cca00000|  0%| F|  |TAMS 0x00000006cc900000, 0x00000006cc900000| Untracked 
| 172|0x00000006cca00000, 0x00000006cca00000, 0x00000006ccb00000|  0%| F|  |TAMS 0x00000006cca00000, 0x00000006cca00000| Untracked 
| 173|0x00000006ccb00000, 0x00000006ccb00000, 0x00000006ccc00000|  0%| F|  |TAMS 0x00000006ccb00000, 0x00000006ccb00000| Untracked 
| 174|0x00000006ccc00000, 0x00000006ccc00000, 0x00000006ccd00000|  0%| F|  |TAMS 0x00000006ccc00000, 0x00000006ccc00000| Untracked 
| 175|0x00000006ccd00000, 0x00000006ccd00000, 0x00000006cce00000|  0%| F|  |TAMS 0x00000006ccd00000, 0x00000006ccd00000| Untracked 
| 176|0x00000006cce00000, 0x00000006cce00000, 0x00000006ccf00000|  0%| F|  |TAMS 0x00000006cce00000, 0x00000006cce00000| Untracked 
| 177|0x00000006ccf00000, 0x00000006ccf00000, 0x00000006cd000000|  0%| F|  |TAMS 0x00000006ccf00000, 0x00000006ccf00000| Untracked 
| 178|0x00000006cd000000, 0x00000006cd000000, 0x00000006cd100000|  0%| F|  |TAMS 0x00000006cd000000, 0x00000006cd000000| Untracked 
| 179|0x00000006cd100000, 0x00000006cd100000, 0x00000006cd200000|  0%| F|  |TAMS 0x00000006cd100000, 0x00000006cd100000| Untracked 
| 180|0x00000006cd200000, 0x00000006cd200000, 0x00000006cd300000|  0%| F|  |TAMS 0x00000006cd200000, 0x00000006cd200000| Untracked 
| 181|0x00000006cd300000, 0x00000006cd300000, 0x00000006cd400000|  0%| F|  |TAMS 0x00000006cd300000, 0x00000006cd300000| Untracked 
| 182|0x00000006cd400000, 0x00000006cd400000, 0x00000006cd500000|  0%| F|  |TAMS 0x00000006cd400000, 0x00000006cd400000| Untracked 
| 183|0x00000006cd500000, 0x00000006cd500000, 0x00000006cd600000|  0%| F|  |TAMS 0x00000006cd500000, 0x00000006cd500000| Untracked 
| 184|0x00000006cd600000, 0x00000006cd600000, 0x00000006cd700000|  0%| F|  |TAMS 0x00000006cd600000, 0x00000006cd600000| Untracked 
| 185|0x00000006cd700000, 0x00000006cd700000, 0x00000006cd800000|  0%| F|  |TAMS 0x00000006cd700000, 0x00000006cd700000| Untracked 
| 186|0x00000006cd800000, 0x00000006cd800000, 0x00000006cd900000|  0%| F|  |TAMS 0x00000006cd800000, 0x00000006cd800000| Untracked 
| 187|0x00000006cd900000, 0x00000006cd900000, 0x00000006cda00000|  0%| F|  |TAMS 0x00000006cd900000, 0x00000006cd900000| Untracked 
| 188|0x00000006cda00000, 0x00000006cda00000, 0x00000006cdb00000|  0%| F|  |TAMS 0x00000006cda00000, 0x00000006cda00000| Untracked 
| 189|0x00000006cdb00000, 0x00000006cdb00000, 0x00000006cdc00000|  0%| F|  |TAMS 0x00000006cdb00000, 0x00000006cdb00000| Untracked 
| 190|0x00000006cdc00000, 0x00000006cdc00000, 0x00000006cdd00000|  0%| F|  |TAMS 0x00000006cdc00000, 0x00000006cdc00000| Untracked 
| 191|0x00000006cdd00000, 0x00000006cdd00000, 0x00000006cde00000|  0%| F|  |TAMS 0x00000006cdd00000, 0x00000006cdd00000| Untracked 
| 192|0x00000006cde00000, 0x00000006cde00000, 0x00000006cdf00000|  0%| F|  |TAMS 0x00000006cde00000, 0x00000006cde00000| Untracked 
| 193|0x00000006cdf00000, 0x00000006cdf00000, 0x00000006ce000000|  0%| F|  |TAMS 0x00000006cdf00000, 0x00000006cdf00000| Untracked 
| 194|0x00000006ce000000, 0x00000006ce000000, 0x00000006ce100000|  0%| F|  |TAMS 0x00000006ce000000, 0x00000006ce000000| Untracked 
| 195|0x00000006ce100000, 0x00000006ce100000, 0x00000006ce200000|  0%| F|  |TAMS 0x00000006ce100000, 0x00000006ce100000| Untracked 
| 196|0x00000006ce200000, 0x00000006ce200000, 0x00000006ce300000|  0%| F|  |TAMS 0x00000006ce200000, 0x00000006ce200000| Untracked 
| 197|0x00000006ce300000, 0x00000006ce300000, 0x00000006ce400000|  0%| F|  |TAMS 0x00000006ce300000, 0x00000006ce300000| Untracked 
| 198|0x00000006ce400000, 0x00000006ce400000, 0x00000006ce500000|  0%| F|  |TAMS 0x00000006ce400000, 0x00000006ce400000| Untracked 
| 199|0x00000006ce500000, 0x00000006ce500000, 0x00000006ce600000|  0%| F|  |TAMS 0x00000006ce500000, 0x00000006ce500000| Untracked 
| 200|0x00000006ce600000, 0x00000006ce600000, 0x00000006ce700000|  0%| F|  |TAMS 0x00000006ce600000, 0x00000006ce600000| Untracked 
| 201|0x00000006ce700000, 0x00000006ce700000, 0x00000006ce800000|  0%| F|  |TAMS 0x00000006ce700000, 0x00000006ce700000| Untracked 
| 202|0x00000006ce800000, 0x00000006ce800000, 0x00000006ce900000|  0%| F|  |TAMS 0x00000006ce800000, 0x00000006ce800000| Untracked 
| 203|0x00000006ce900000, 0x00000006ce900000, 0x00000006cea00000|  0%| F|  |TAMS 0x00000006ce900000, 0x00000006ce900000| Untracked 
| 204|0x00000006cea00000, 0x00000006cea00000, 0x00000006ceb00000|  0%| F|  |TAMS 0x00000006cea00000, 0x00000006cea00000| Untracked 
| 205|0x00000006ceb00000, 0x00000006ceb00000, 0x00000006cec00000|  0%| F|  |TAMS 0x00000006ceb00000, 0x00000006ceb00000| Untracked 
| 206|0x00000006cec00000, 0x00000006cec00000, 0x00000006ced00000|  0%| F|  |TAMS 0x00000006cec00000, 0x00000006cec00000| Untracked 
| 207|0x00000006ced00000, 0x00000006ced00000, 0x00000006cee00000|  0%| F|  |TAMS 0x00000006ced00000, 0x00000006ced00000| Untracked 
| 208|0x00000006cee00000, 0x00000006cee00000, 0x00000006cef00000|  0%| F|  |TAMS 0x00000006cee00000, 0x00000006cee00000| Untracked 
| 209|0x00000006cef00000, 0x00000006cef00000, 0x00000006cf000000|  0%| F|  |TAMS 0x00000006cef00000, 0x00000006cef00000| Untracked 
| 210|0x00000006cf000000, 0x00000006cf000000, 0x00000006cf100000|  0%| F|  |TAMS 0x00000006cf000000, 0x00000006cf000000| Untracked 
| 211|0x00000006cf100000, 0x00000006cf100000, 0x00000006cf200000|  0%| F|  |TAMS 0x00000006cf100000, 0x00000006cf100000| Untracked 
| 212|0x00000006cf200000, 0x00000006cf200000, 0x00000006cf300000|  0%| F|  |TAMS 0x00000006cf200000, 0x00000006cf200000| Untracked 
| 213|0x00000006cf300000, 0x00000006cf300000, 0x00000006cf400000|  0%| F|  |TAMS 0x00000006cf300000, 0x00000006cf300000| Untracked 
| 214|0x00000006cf400000, 0x00000006cf400000, 0x00000006cf500000|  0%| F|  |TAMS 0x00000006cf400000, 0x00000006cf400000| Untracked 
| 215|0x00000006cf500000, 0x00000006cf500000, 0x00000006cf600000|  0%| F|  |TAMS 0x00000006cf500000, 0x00000006cf500000| Untracked 
| 216|0x00000006cf600000, 0x00000006cf600000, 0x00000006cf700000|  0%| F|  |TAMS 0x00000006cf600000, 0x00000006cf600000| Untracked 
| 217|0x00000006cf700000, 0x00000006cf700000, 0x00000006cf800000|  0%| F|  |TAMS 0x00000006cf700000, 0x00000006cf700000| Untracked 
| 218|0x00000006cf800000, 0x00000006cf800000, 0x00000006cf900000|  0%| F|  |TAMS 0x00000006cf800000, 0x00000006cf800000| Untracked 
| 219|0x00000006cf900000, 0x00000006cf900000, 0x00000006cfa00000|  0%| F|  |TAMS 0x00000006cf900000, 0x00000006cf900000| Untracked 
| 220|0x00000006cfa00000, 0x00000006cfa00000, 0x00000006cfb00000|  0%| F|  |TAMS 0x00000006cfa00000, 0x00000006cfa00000| Untracked 
| 221|0x00000006cfb00000, 0x00000006cfb00000, 0x00000006cfc00000|  0%| F|  |TAMS 0x00000006cfb00000, 0x00000006cfb00000| Untracked 
| 222|0x00000006cfc00000, 0x00000006cfc00000, 0x00000006cfd00000|  0%| F|  |TAMS 0x00000006cfc00000, 0x00000006cfc00000| Untracked 
| 223|0x00000006cfd00000, 0x00000006cfd00000, 0x00000006cfe00000|  0%| F|  |TAMS 0x00000006cfd00000, 0x00000006cfd00000| Untracked 
| 224|0x00000006cfe00000, 0x00000006cfe00000, 0x00000006cff00000|  0%| F|  |TAMS 0x00000006cfe00000, 0x00000006cfe00000| Untracked 
| 225|0x00000006cff00000, 0x00000006cff00000, 0x00000006d0000000|  0%| F|  |TAMS 0x00000006cff00000, 0x00000006cff00000| Untracked 
| 226|0x00000006d0000000, 0x00000006d0000000, 0x00000006d0100000|  0%| F|  |TAMS 0x00000006d0000000, 0x00000006d0000000| Untracked 
| 227|0x00000006d0100000, 0x00000006d0100000, 0x00000006d0200000|  0%| F|  |TAMS 0x00000006d0100000, 0x00000006d0100000| Untracked 
| 228|0x00000006d0200000, 0x00000006d0200000, 0x00000006d0300000|  0%| F|  |TAMS 0x00000006d0200000, 0x00000006d0200000| Untracked 
| 229|0x00000006d0300000, 0x00000006d0400000, 0x00000006d0400000|100%| S|CS|TAMS 0x00000006d0300000, 0x00000006d0300000| Complete 
| 230|0x00000006d0400000, 0x00000006d0500000, 0x00000006d0500000|100%| S|CS|TAMS 0x00000006d0400000, 0x00000006d0400000| Complete 
| 231|0x00000006d0500000, 0x00000006d0600000, 0x00000006d0600000|100%| S|CS|TAMS 0x00000006d0500000, 0x00000006d0500000| Complete 
| 232|0x00000006d0600000, 0x00000006d0600000, 0x00000006d0700000|  0%| F|  |TAMS 0x00000006d0600000, 0x00000006d0600000| Untracked 
| 233|0x00000006d0700000, 0x00000006d0700000, 0x00000006d0800000|  0%| F|  |TAMS 0x00000006d0700000, 0x00000006d0700000| Untracked 
| 234|0x00000006d0800000, 0x00000006d0800000, 0x00000006d0900000|  0%| F|  |TAMS 0x00000006d0800000, 0x00000006d0800000| Untracked 
| 235|0x00000006d0900000, 0x00000006d0900000, 0x00000006d0a00000|  0%| F|  |TAMS 0x00000006d0900000, 0x00000006d0900000| Untracked 
| 236|0x00000006d0a00000, 0x00000006d0a00000, 0x00000006d0b00000|  0%| F|  |TAMS 0x00000006d0a00000, 0x00000006d0a00000| Untracked 
| 237|0x00000006d0b00000, 0x00000006d0b00000, 0x00000006d0c00000|  0%| F|  |TAMS 0x00000006d0b00000, 0x00000006d0b00000| Untracked 
| 238|0x00000006d0c00000, 0x00000006d0c00000, 0x00000006d0d00000|  0%| F|  |TAMS 0x00000006d0c00000, 0x00000006d0c00000| Untracked 
| 239|0x00000006d0d00000, 0x00000006d0d00000, 0x00000006d0e00000|  0%| F|  |TAMS 0x00000006d0d00000, 0x00000006d0d00000| Untracked 
| 240|0x00000006d0e00000, 0x00000006d0e00000, 0x00000006d0f00000|  0%| F|  |TAMS 0x00000006d0e00000, 0x00000006d0e00000| Untracked 
| 241|0x00000006d0f00000, 0x00000006d0f00000, 0x00000006d1000000|  0%| F|  |TAMS 0x00000006d0f00000, 0x00000006d0f00000| Untracked 
| 242|0x00000006d1000000, 0x00000006d1000000, 0x00000006d1100000|  0%| F|  |TAMS 0x00000006d1000000, 0x00000006d1000000| Untracked 
| 243|0x00000006d1100000, 0x00000006d1100000, 0x00000006d1200000|  0%| F|  |TAMS 0x00000006d1100000, 0x00000006d1100000| Untracked 
| 244|0x00000006d1200000, 0x00000006d1200000, 0x00000006d1300000|  0%| F|  |TAMS 0x00000006d1200000, 0x00000006d1200000| Untracked 
| 245|0x00000006d1300000, 0x00000006d1300000, 0x00000006d1400000|  0%| F|  |TAMS 0x00000006d1300000, 0x00000006d1300000| Untracked 
| 246|0x00000006d1400000, 0x00000006d1400000, 0x00000006d1500000|  0%| F|  |TAMS 0x00000006d1400000, 0x00000006d1400000| Untracked 
| 247|0x00000006d1500000, 0x00000006d1500000, 0x00000006d1600000|  0%| F|  |TAMS 0x00000006d1500000, 0x00000006d1500000| Untracked 
| 248|0x00000006d1600000, 0x00000006d1600000, 0x00000006d1700000|  0%| F|  |TAMS 0x00000006d1600000, 0x00000006d1600000| Untracked 
| 249|0x00000006d1700000, 0x00000006d1700000, 0x00000006d1800000|  0%| F|  |TAMS 0x00000006d1700000, 0x00000006d1700000| Untracked 
| 250|0x00000006d1800000, 0x00000006d1800000, 0x00000006d1900000|  0%| F|  |TAMS 0x00000006d1800000, 0x00000006d1800000| Untracked 
| 251|0x00000006d1900000, 0x00000006d1a00000, 0x00000006d1a00000|100%| E|  |TAMS 0x00000006d1900000, 0x00000006d1900000| Complete 
| 252|0x00000006d1a00000, 0x00000006d1b00000, 0x00000006d1b00000|100%| E|CS|TAMS 0x00000006d1a00000, 0x00000006d1a00000| Complete 
| 253|0x00000006d1b00000, 0x00000006d1c00000, 0x00000006d1c00000|100%| E|CS|TAMS 0x00000006d1b00000, 0x00000006d1b00000| Complete 
| 254|0x00000006d1c00000, 0x00000006d1d00000, 0x00000006d1d00000|100%| E|CS|TAMS 0x00000006d1c00000, 0x00000006d1c00000| Complete 
| 255|0x00000006d1d00000, 0x00000006d1e00000, 0x00000006d1e00000|100%| E|CS|TAMS 0x00000006d1d00000, 0x00000006d1d00000| Complete 

Card table byte_map: [0x00000244aa690000,0x00000244aae90000] _byte_map_base: 0x00000244a7081000

Marking Bits (Prev, Next): (CMBitMap*) 0x00000244b35c9b68, (CMBitMap*) 0x00000244b35c9ba8
 Prev Bits: [0x00000244ab690000, 0x00000244af618000)
 Next Bits: [0x00000244af620000, 0x00000244b35a8000)

Polling page: 0x0000024490820000

Metaspace:

Usage:
  Non-class:     14.84 MB capacity,    14.63 MB ( 99%) used,   187.10 KB (  1%) free+waste,    24.75 KB ( <1%) overhead. 
      Class:      2.13 MB capacity,     2.05 MB ( 96%) used,    74.27 KB (  3%) free+waste,    10.94 KB ( <1%) overhead. 
       Both:     16.97 MB capacity,    16.68 MB ( 98%) used,   261.38 KB (  2%) free+waste,    35.69 KB ( <1%) overhead. 

Virtual space:
  Non-class space:       16.00 MB reserved,      15.00 MB ( 94%) committed 
      Class space:        1.00 GB reserved,       2.25 MB ( <1%) committed 
             Both:        1.02 GB reserved,      17.25 MB (  2%) committed 

Chunk freelists:
   Non-Class:  37.00 KB
       Class:  28.00 KB
        Both:  65.00 KB

MaxMetaspaceSize: 17179869184.00 GB
CompressedClassSpaceSize: 1.00 GB

CodeHeap 'non-profiled nmethods': size=120000Kb used=352Kb max_used=352Kb free=119647Kb
 bounds [0x00000244a20e0000, 0x00000244a2350000, 0x00000244a9610000]
CodeHeap 'profiled nmethods': size=120000Kb used=2044Kb max_used=2044Kb free=117955Kb
 bounds [0x000002449abb0000, 0x000002449ae20000, 0x00000244a20e0000]
CodeHeap 'non-nmethods': size=5760Kb used=1251Kb max_used=1271Kb free=4508Kb
 bounds [0x000002449a610000, 0x000002449a880000, 0x000002449abb0000]
 total_blobs=2047 nmethods=1150 adapters=325
 compilation: enabled
              stopped_count=0, restarted_count=0
 full_count=0

Compilation events (20 events):
Event: 1.636 Thread 0x00000244b6af1000 1134       3       java.nio.MappedByteBuffer::rewind (7 bytes)
Event: 1.636 Thread 0x00000244b6af1000 nmethod 1134 0x000002449adabb90 code [0x000002449adabd40, 0x000002449adabf78]
Event: 1.636 Thread 0x00000244b6af1000 1139       1       sun.nio.fs.WindowsFileSystem::provider (5 bytes)
Event: 1.636 Thread 0x00000244b6af1000 nmethod 1139 0x00000244a2132990 code [0x00000244a2132b20, 0x00000244a2132c38]
Event: 1.636 Thread 0x00000244b6af1000 1144       3       sun.nio.fs.NativeBuffers::getNativeBufferFromCache (51 bytes)
Event: 1.636 Thread 0x00000244b6af1000 nmethod 1144 0x000002449adac090 code [0x000002449adac280, 0x000002449adac8f0]
Event: 1.636 Thread 0x00000244b6af1000 1146       3       sun.nio.fs.NativeBuffers::releaseNativeBuffer (97 bytes)
Event: 1.637 Thread 0x00000244b6af1000 nmethod 1146 0x000002449adacb10 code [0x000002449adacd80, 0x000002449adadc20]
Event: 1.637 Thread 0x00000244b6af1000 1145       3       sun.nio.fs.NativeBuffer::release (5 bytes)
Event: 1.638 Thread 0x00000244b6af1000 nmethod 1145 0x000002449adae090 code [0x000002449adae240, 0x000002449adae3d0]
Event: 1.638 Thread 0x00000244b6aed800 nmethod 1119 0x00000244a2132c90 code [0x00000244a2132e20, 0x00000244a2133158]
Event: 1.639 Thread 0x00000244b6aed800 1147       4       java.lang.String::lastIndexOf (29 bytes)
Event: 1.640 Thread 0x00000244b6af1000 1148       3       java.lang.StringCoding::decodeUTF8 (45 bytes)
Event: 1.640 Thread 0x00000244b6af1000 nmethod 1148 0x000002449adae490 code [0x000002449adae680, 0x000002449adaeb80]
Event: 1.645 Thread 0x00000244b6aed800 nmethod 1147 0x00000244a2133390 code [0x00000244a2133520, 0x00000244a2133778]
Event: 1.663 Thread 0x00000244b73f4800 nmethod 1094 0x00000244a2133910 code [0x00000244a2133b60, 0x00000244a2136960]
Event: 1.683 Thread 0x00000244b6af1000 1149       3       net.bytebuddy.description.type.TypeDescription$Generic$Visitor$Substitutor$ForDetachment::<init> (10 bytes)
Event: 1.684 Thread 0x00000244b6af1000 nmethod 1149 0x000002449adaed10 code [0x000002449adaeec0, 0x000002449adaf138]
Event: 1.689 Thread 0x00000244b6aed800 1150       4       sun.net.www.ParseUtil::firstEncodeIndex (86 bytes)
Event: 1.696 Thread 0x00000244b6aed800 nmethod 1150 0x00000244a2137990 code [0x00000244a2137b40, 0x00000244a2137e48]

GC Heap History (2 events):
Event: 3.017 GC heap before
{Heap before GC invocations=0 (full 0):
 garbage-first heap   total 262144K, used 23552K [0x00000006c1e00000, 0x00000007c0000000)
  region size 1024K, 24 young (24576K), 0 survivors (0K)
 Metaspace       used 16147K, capacity 16406K, committed 16640K, reserved 1064960K
  class space    used 1921K, capacity 1986K, committed 2048K, reserved 1048576K
}
Event: 3.021 GC heap after
{Heap after GC invocations=1 (full 0):
 garbage-first heap   total 262144K, used 3078K [0x00000006c1e00000, 0x00000007c0000000)
  region size 1024K, 3 young (3072K), 3 survivors (3072K)
 Metaspace       used 16147K, capacity 16406K, committed 16640K, reserved 1064960K
  class space    used 1921K, capacity 1986K, committed 2048K, reserved 1048576K
}

Deoptimization events (20 events):
Event: 1.141 Thread 0x00000244907cc000 DEOPT PACKING pc=0x000002449ac788c8 sp=0x000000e5c4afddb0
Event: 1.141 Thread 0x00000244907cc000 DEOPT UNPACKING pc=0x000002449a65964e sp=0x000000e5c4afd218 mode 0
Event: 1.256 Thread 0x00000244907cc000 Uncommon trap: trap_request=0xffffffde fr.pc=0x00000244a2116494 relative=0x00000000000012d4
Event: 1.256 Thread 0x00000244907cc000 Uncommon trap: reason=class_check action=maybe_recompile pc=0x00000244a2116494 method=java.util.HashMap.putVal(ILjava/lang/Object;Ljava/lang/Object;ZZ)Ljava/lang/Object; @ 253 c2
Event: 1.256 Thread 0x00000244907cc000 DEOPT PACKING pc=0x00000244a2116494 sp=0x000000e5c4af8ec0
Event: 1.256 Thread 0x00000244907cc000 DEOPT UNPACKING pc=0x000002449a65912f sp=0x000000e5c4af8e48 mode 2
Event: 1.420 Thread 0x00000244907cc000 DEOPT PACKING pc=0x000002449ac617f3 sp=0x000000e5c4af7ca0
Event: 1.420 Thread 0x00000244907cc000 DEOPT UNPACKING pc=0x000002449a65964e sp=0x000000e5c4af7100 mode 0
Event: 1.439 Thread 0x00000244907cc000 Uncommon trap: trap_request=0xffffffde fr.pc=0x00000244a2116494 relative=0x00000000000012d4
Event: 1.439 Thread 0x00000244907cc000 Uncommon trap: reason=class_check action=maybe_recompile pc=0x00000244a2116494 method=java.util.HashMap.putVal(ILjava/lang/Object;Ljava/lang/Object;ZZ)Ljava/lang/Object; @ 253 c2
Event: 1.439 Thread 0x00000244907cc000 DEOPT PACKING pc=0x00000244a2116494 sp=0x000000e5c4af8ef0
Event: 1.439 Thread 0x00000244907cc000 DEOPT UNPACKING pc=0x000002449a65912f sp=0x000000e5c4af8e78 mode 2
Event: 1.640 Thread 0x00000244907cc000 DEOPT PACKING pc=0x000002449ac43d5d sp=0x000000e5c4afa340
Event: 1.640 Thread 0x00000244907cc000 DEOPT UNPACKING pc=0x000002449a65964e sp=0x000000e5c4af97a0 mode 0
Event: 1.643 Thread 0x00000244907cc000 DEOPT PACKING pc=0x000002449acdb08c sp=0x000000e5c4afaa70
Event: 1.643 Thread 0x00000244907cc000 DEOPT UNPACKING pc=0x000002449a65964e sp=0x000000e5c4af9f08 mode 1
Event: 1.643 Thread 0x00000244907cc000 DEOPT PACKING pc=0x000002449acd6854 sp=0x000000e5c4afab40
Event: 1.643 Thread 0x00000244907cc000 DEOPT UNPACKING pc=0x000002449a65964e sp=0x000000e5c4af9ff8 mode 1
Event: 1.689 Thread 0x00000244907cc000 DEOPT PACKING pc=0x000002449acb6173 sp=0x000000e5c4afc050
Event: 1.689 Thread 0x00000244907cc000 DEOPT UNPACKING pc=0x000002449a65964e sp=0x000000e5c4afb578 mode 0

Classes unloaded (0 events):
No events

Classes redefined (5 events):
Event: 99.020 Thread 0x00000244b6a85000 redefined class name=pt.ulisboa.tecnico.learnjava.sibs.sibs.ComissionMockitoTest, count=1
Event: 185.491 Thread 0x00000244b6a85000 redefined class name=pt.ulisboa.tecnico.learnjava.sibs.sibs.ComissionMockitoTest, count=2
Event: 212.779 Thread 0x00000244b6a85000 redefined class name=pt.ulisboa.tecnico.learnjava.sibs.sibs.ComissionMockitoTest, count=3
Event: 239.518 Thread 0x00000244b6a85000 redefined class name=pt.ulisboa.tecnico.learnjava.sibs.sibs.ComissionMockitoTest, count=4
Event: 539.341 Thread 0x00000244b6a85000 redefined class name=pt.ulisboa.tecnico.learnjava.sibs.sibs.ComissionMockitoTest, count=5

Internal exceptions (20 events):
Event: 1.626 Thread 0x00000244907cc000 Exception <a 'sun/nio/fs/WindowsException'{0x00000006d0a80b08}> (0x00000006d0a80b08) 
thrown [t:/workspace/open/src/hotspot/share/prims/jni.cpp, line 598]
Event: 1.626 Thread 0x00000244907cc000 Exception <a 'sun/nio/fs/WindowsException'{0x00000006d0a815e8}> (0x00000006d0a815e8) 
thrown [t:/workspace/open/src/hotspot/share/prims/jni.cpp, line 598]
Event: 1.631 Thread 0x00000244907cc000 Exception <a 'sun/nio/fs/WindowsException'{0x00000006d0aa0100}> (0x00000006d0aa0100) 
thrown [t:/workspace/open/src/hotspot/share/prims/jni.cpp, line 598]
Event: 1.631 Thread 0x00000244907cc000 Exception <a 'sun/nio/fs/WindowsException'{0x00000006d0aa0e80}> (0x00000006d0aa0e80) 
thrown [t:/workspace/open/src/hotspot/share/prims/jni.cpp, line 598]
Event: 1.632 Thread 0x00000244907cc000 Exception <a 'sun/nio/fs/WindowsException'{0x00000006d0aa1960}> (0x00000006d0aa1960) 
thrown [t:/workspace/open/src/hotspot/share/prims/jni.cpp, line 598]
Event: 1.635 Thread 0x00000244907cc000 Exception <a 'sun/nio/fs/WindowsException'{0x00000006d0aa9b88}> (0x00000006d0aa9b88) 
thrown [t:/workspace/open/src/hotspot/share/prims/jni.cpp, line 598]
Event: 1.636 Thread 0x00000244907cc000 Exception <a 'sun/nio/fs/WindowsException'{0x00000006d0aaa820}> (0x00000006d0aaa820) 
thrown [t:/workspace/open/src/hotspot/share/prims/jni.cpp, line 598]
Event: 1.636 Thread 0x00000244907cc000 Exception <a 'sun/nio/fs/WindowsException'{0x00000006d0aab330}> (0x00000006d0aab330) 
thrown [t:/workspace/open/src/hotspot/share/prims/jni.cpp, line 598]
Event: 1.637 Thread 0x00000244907cc000 Exception <a 'sun/nio/fs/WindowsException'{0x00000006d0ab1eb0}> (0x00000006d0ab1eb0) 
thrown [t:/workspace/open/src/hotspot/share/prims/jni.cpp, line 598]
Event: 1.638 Thread 0x00000244907cc000 Exception <a 'sun/nio/fs/WindowsException'{0x00000006d0ab2b28}> (0x00000006d0ab2b28) 
thrown [t:/workspace/open/src/hotspot/share/prims/jni.cpp, line 598]
Event: 1.638 Thread 0x00000244907cc000 Exception <a 'sun/nio/fs/WindowsException'{0x00000006d0ab3628}> (0x00000006d0ab3628) 
thrown [t:/workspace/open/src/hotspot/share/prims/jni.cpp, line 598]
Event: 5.195 Thread 0x00000244907cc000 Exception <a 'sun/nio/fs/WindowsException'{0x00000006d1a1f000}> (0x00000006d1a1f000) 
thrown [t:/workspace/open/src/hotspot/share/prims/jni.cpp, line 598]
Event: 5.203 Thread 0x00000244907cc000 Exception <a 'sun/nio/fs/WindowsException'{0x00000006d1a20f88}> (0x00000006d1a20f88) 
thrown [t:/workspace/open/src/hotspot/share/prims/jni.cpp, line 598]
Event: 5.210 Thread 0x00000244907cc000 Exception <a 'sun/nio/fs/WindowsException'{0x00000006d1a233c8}> (0x00000006d1a233c8) 
thrown [t:/workspace/open/src/hotspot/share/prims/jni.cpp, line 598]
Event: 5.446 Thread 0x00000244907cc000 Exception <a 'sun/nio/fs/WindowsException'{0x00000006d1a9a7c8}> (0x00000006d1a9a7c8) 
thrown [t:/workspace/open/src/hotspot/share/prims/jni.cpp, line 598]
Event: 5.452 Thread 0x00000244907cc000 Exception <a 'sun/nio/fs/WindowsException'{0x00000006d1a9c108}> (0x00000006d1a9c108) 
thrown [t:/workspace/open/src/hotspot/share/prims/jni.cpp, line 598]
Event: 5.457 Thread 0x00000244907cc000 Exception <a 'sun/nio/fs/WindowsException'{0x00000006d1a9dcc0}> (0x00000006d1a9dcc0) 
thrown [t:/workspace/open/src/hotspot/share/prims/jni.cpp, line 598]
Event: 5.462 Thread 0x00000244907cc000 Exception <a 'sun/nio/fs/WindowsException'{0x00000006d1a9f770}> (0x00000006d1a9f770) 
thrown [t:/workspace/open/src/hotspot/share/prims/jni.cpp, line 598]
Event: 5.474 Thread 0x00000244907cc000 Exception <a 'sun/nio/fs/WindowsException'{0x00000006d1aa2ad8}> (0x00000006d1aa2ad8) 
thrown [t:/workspace/open/src/hotspot/share/prims/jni.cpp, line 598]
Event: 5.710 Thread 0x00000244907cc000 Exception <a 'sun/nio/fs/WindowsException'{0x00000006d190c7f0}> (0x00000006d190c7f0) 
thrown [t:/workspace/open/src/hotspot/share/prims/jni.cpp, line 598]

Events (20 events):
Event: 461.811 Executing VM operation: GetFrameLocation
Event: 461.811 Executing VM operation: GetFrameLocation done
Event: 461.811 Executing VM operation: get/set locals
Event: 461.812 Executing VM operation: get/set locals done
Event: 539.339 Executing VM operation: RedefineClasses
Event: 539.344 Executing VM operation: RedefineClasses done
Event: 539.350 Executing VM operation: ChangeBreakpoints
Event: 539.351 Executing VM operation: ChangeBreakpoints done
Event: 539.353 Executing VM operation: GetFrameCount
Event: 539.353 Executing VM operation: GetFrameCount done
Event: 539.353 Executing VM operation: GetStackTrace
Event: 539.353 Executing VM operation: GetStackTrace done
Event: 539.417 Executing VM operation: GetFrameCount
Event: 539.417 Executing VM operation: GetFrameCount done
Event: 539.417 Executing VM operation: GetOwnedMonitorInfo
Event: 539.417 Executing VM operation: GetOwnedMonitorInfo done
Event: 539.418 Executing VM operation: GetCurrentContendedMonitor
Event: 539.418 Executing VM operation: GetCurrentContendedMonitor done
Event: 539.791 Executing VM operation: GetFrameLocation
Event: 539.791 Executing VM operation: GetFrameLocation done


Dynamic libraries:
0x00007ff65d410000 - 0x00007ff65d41f000 	C:\Program Files\Java\jdk-13.0.1\bin\javaw.exe
0x00007fff99a80000 - 0x00007fff99c6d000 	C:\WINDOWS\SYSTEM32\ntdll.dll
0x00007fff96fb0000 - 0x00007fff97063000 	C:\WINDOWS\System32\KERNEL32.DLL
0x00007fff96660000 - 0x00007fff968f3000 	C:\WINDOWS\System32\KERNELBASE.dll
0x00007fff96ba0000 - 0x00007fff96c9a000 	C:\WINDOWS\System32\ucrtbase.dll
0x00007fff8e140000 - 0x00007fff8e155000 	C:\Program Files\Java\jdk-13.0.1\bin\VCRUNTIME140.dll
0x00007fff8e160000 - 0x00007fff8e178000 	C:\Program Files\Java\jdk-13.0.1\bin\jli.dll
0x00007fff97130000 - 0x00007fff971d3000 	C:\WINDOWS\System32\ADVAPI32.dll
0x00007fff97620000 - 0x00007fff976be000 	C:\WINDOWS\System32\msvcrt.dll
0x00007fff97080000 - 0x00007fff9711e000 	C:\WINDOWS\System32\sechost.dll
0x00007fff99720000 - 0x00007fff99842000 	C:\WINDOWS\System32\RPCRT4.dll
0x00007fff977a0000 - 0x00007fff97937000 	C:\WINDOWS\System32\USER32.dll
0x00007fff83780000 - 0x00007fff839f9000 	C:\WINDOWS\WinSxS\amd64_microsoft.windows.common-controls_6595b64144ccf1df_6.0.17763.1098_none_de762ed45346ee8a\COMCTL32.dll
0x00007fff95d80000 - 0x00007fff95da0000 	C:\WINDOWS\System32\win32u.dll
0x00007fff972f0000 - 0x00007fff9761c000 	C:\WINDOWS\System32\combase.dll
0x00007fff99a20000 - 0x00007fff99a49000 	C:\WINDOWS\System32\GDI32.dll
0x00007fff96930000 - 0x00007fff969ae000 	C:\WINDOWS\System32\bcryptPrimitives.dll
0x00007fff96a00000 - 0x00007fff96b99000 	C:\WINDOWS\System32\gdi32full.dll
0x00007fff95e50000 - 0x00007fff95ef0000 	C:\WINDOWS\System32\msvcp_win.dll
0x00007fff8e330000 - 0x00007fff8e33a000 	C:\WINDOWS\SYSTEM32\VERSION.dll
0x00007fff97950000 - 0x00007fff9797e000 	C:\WINDOWS\System32\IMM32.DLL
0x00007fff64670000 - 0x00007fff64722000 	C:\Program Files\McAfee\Endpoint Security\Threat Prevention\Ips\EpMPApi.dll
0x00007fff95b40000 - 0x00007fff95b99000 	C:\WINDOWS\System32\WINTRUST.dll
0x00007fff95a70000 - 0x00007fff95a82000 	C:\WINDOWS\System32\MSASN1.dll
0x00007fff95ba0000 - 0x00007fff95d7c000 	C:\WINDOWS\System32\CRYPT32.dll
0x00007fff635b0000 - 0x00007fff6361d000 	C:\Program Files\Manufacturer\Endpoint Agent\prntm64.dll
0x00007fff971e0000 - 0x00007fff97232000 	C:\WINDOWS\System32\SHLWAPI.dll
0x00007fff96d00000 - 0x00007fff96e55000 	C:\WINDOWS\System32\ole32.dll
0x00007fff8e320000 - 0x00007fff8e32c000 	C:\WINDOWS\SYSTEM32\Secur32.dll
0x00007fff96ee0000 - 0x00007fff96fa4000 	C:\WINDOWS\System32\OLEAUT32.dll
0x00007fff83a50000 - 0x00007fff83ad9000 	C:\WINDOWS\SYSTEM32\WINSPOOL.DRV
0x00007fff95a90000 - 0x00007fff95aa1000 	C:\WINDOWS\System32\kernel.appcore.dll
0x00007fff81590000 - 0x00007fff8167f000 	C:\WINDOWS\SYSTEM32\MSVCR120.dll
0x00007fff96900000 - 0x00007fff96926000 	C:\WINDOWS\System32\bcrypt.dll
0x00007fff816c0000 - 0x00007fff81766000 	C:\WINDOWS\SYSTEM32\MSVCP120.dll
0x00007fff93710000 - 0x00007fff938b9000 	C:\WINDOWS\SYSTEM32\PROPSYS.dll
0x00007fff97e60000 - 0x00007fff97f08000 	C:\WINDOWS\System32\shcore.dll
0x00007fff95000000 - 0x00007fff9503d000 	C:\WINDOWS\SYSTEM32\IPHLPAPI.DLL
0x00007fff959a0000 - 0x00007fff959cf000 	C:\WINDOWS\SYSTEM32\SSPICLI.DLL
0x000000006ede0000 - 0x000000006edec000 	C:\Program Files\McAfee\Endpoint Security\Threat Prevention\Ips\EpMPThe.dll
0x00007fff63310000 - 0x00007fff633ab000 	C:\Program Files\Java\jdk-13.0.1\bin\msvcp140.dll
0x00007fff30170000 - 0x00007fff30cd6000 	C:\Program Files\Java\jdk-13.0.1\bin\server\jvm.dll
0x00007fff97120000 - 0x00007fff97128000 	C:\WINDOWS\System32\PSAPI.DLL
0x00007fff4b590000 - 0x00007fff4b599000 	C:\WINDOWS\SYSTEM32\WSOCK32.dll
0x00007fff99580000 - 0x00007fff995ed000 	C:\WINDOWS\System32\WS2_32.dll
0x00007fff884b0000 - 0x00007fff884d4000 	C:\WINDOWS\SYSTEM32\WINMM.dll
0x00007fff88480000 - 0x00007fff884ad000 	C:\WINDOWS\SYSTEM32\WINMMBASE.dll
0x00007fff969b0000 - 0x00007fff969fa000 	C:\WINDOWS\System32\cfgmgr32.dll
0x00007fff8e200000 - 0x00007fff8e210000 	C:\Program Files\Java\jdk-13.0.1\bin\verify.dll
0x00007fff941a0000 - 0x00007fff9438d000 	C:\WINDOWS\SYSTEM32\DBGHELP.DLL
0x00007fff8c8f0000 - 0x00007fff8c91a000 	C:\WINDOWS\SYSTEM32\dbgcore.DLL
0x00007fff8e110000 - 0x00007fff8e136000 	C:\Program Files\Java\jdk-13.0.1\bin\java.dll
0x00007fff8acf0000 - 0x00007fff8ad28000 	C:\Program Files\Java\jdk-13.0.1\bin\jdwp.dll
0x00007fff8c580000 - 0x00007fff8c58e000 	C:\Program Files\Java\jdk-13.0.1\bin\instrument.dll
0x00007fff8ac90000 - 0x00007fff8aca7000 	C:\Program Files\Java\jdk-13.0.1\bin\zip.dll
0x00007fff8ac60000 - 0x00007fff8ac6a000 	C:\Program Files\Java\jdk-13.0.1\bin\jimage.dll
0x00007fff97f10000 - 0x00007fff99404000 	C:\WINDOWS\System32\SHELL32.dll
0x00007fff95ef0000 - 0x00007fff9663d000 	C:\WINDOWS\System32\windows.storage.dll
0x00007fff95ab0000 - 0x00007fff95ad4000 	C:\WINDOWS\System32\profapi.dll
0x00007fff95ae0000 - 0x00007fff95b3d000 	C:\WINDOWS\System32\powrprof.dll
0x00007fff96640000 - 0x00007fff96657000 	C:\WINDOWS\System32\cryptsp.dll
0x00007fff8abe0000 - 0x00007fff8abf9000 	C:\Program Files\Java\jdk-13.0.1\bin\net.dll
0x00007fff8c920000 - 0x00007fff8ca12000 	C:\WINDOWS\SYSTEM32\WINHTTP.dll
0x00007fff952e0000 - 0x00007fff95347000 	C:\WINDOWS\system32\mswsock.dll
0x00007fff8aaf0000 - 0x00007fff8ab03000 	C:\Program Files\Java\jdk-13.0.1\bin\nio.dll
0x00007fff87da0000 - 0x00007fff87dab000 	C:\Program Files\Java\jdk-13.0.1\bin\dt_socket.dll
0x00007fff95040000 - 0x00007fff95106000 	C:\WINDOWS\SYSTEM32\DNSAPI.dll
0x00007fff97070000 - 0x00007fff97078000 	C:\WINDOWS\System32\NSI.dll
0x00007fff8b970000 - 0x00007fff8b97a000 	C:\Windows\System32\rasadhlp.dll
0x00007fff91170000 - 0x00007fff911e9000 	C:\WINDOWS\System32\fwpuclnt.dll
0x00007fff91150000 - 0x00007fff91166000 	C:\WINDOWS\SYSTEM32\dhcpcsvc6.DLL
0x00007fff91130000 - 0x00007fff9114c000 	C:\WINDOWS\SYSTEM32\dhcpcsvc.DLL

dbghelp: loaded successfully - version: 4.0.5 - missing functions: none
symbol engine: initialized successfully - sym options: 0x614 - pdb path: .;C:\Program Files\Java\jdk-13.0.1\bin;C:\WINDOWS\SYSTEM32;C:\WINDOWS\WinSxS\amd64_microsoft.windows.common-controls_6595b64144ccf1df_6.0.17763.1098_none_de762ed45346ee8a;C:\Program Files\McAfee\Endpoint Security\Threat Prevention\Ips;C:\Program Files\Manufacturer\Endpoint Agent;C:\Program Files\Java\jdk-13.0.1\bin\server

VM Arguments:
jvm_args: -agentlib:jdwp=transport=dt_socket,suspend=y,address=localhost:59186 -ea --add-opens=pt.ulisboa.tecnico.learnjava.sibs/pt.ulisboa.tecnico.learnjava.sibs.sibs=ALL-UNNAMED -javaagent:C:\Users\mariajalves\eclipse\java-2019-093\eclipse\configuration\org.eclipse.osgi\229\0\.cp\lib\javaagent-shaded.jar --add-modules=ALL-MODULE-PATH -Dfile.encoding=Cp1252 --module-path=C:\Users\mariajalves\Desktop\Github_Repositories\Project_SE_Group03\sise-sibs\target\classes;C:\Users\mariajalves\Desktop\Github_Repositories\Project_SE_Group03\sise-bank\target\classes --patch-module=pt.ulisboa.tecnico.learnjava.sibs=C:\Users\mariajalves\Desktop\Github_Repositories\Project_SE_Group03\sise-sibs\target\test-classes --add-reads=pt.ulisboa.tecnico.learnjava.sibs=ALL-UNNAMED --add-reads=pt.ulisboa.tecnico.learnjava.bank=ALL-UNNAMED 
java_command: org.eclipse.jdt.internal.junit.runner.RemoteTestRunner -version 3 -port 59185 -testLoaderClass org.eclipse.jdt.internal.junit4.runner.JUnit4TestLoader -loaderpluginname org.eclipse.jdt.junit4.runtime -classNames pt.ulisboa.tecnico.learnjava.sibs.sibs.ComissionMockitoTest
java_class_path (initial): C:\Users\mariajalves\.m2\repository\junit\junit\4.12\junit-4.12.jar;C:\Users\mariajalves\.m2\repository\org\hamcrest\hamcrest-core\1.3\hamcrest-core-1.3.jar;C:\Users\mariajalves\.m2\repository\org\mockito\mockito-core\2.25.1\mockito-core-2.25.1.jar;C:\Users\mariajalves\.m2\repository\net\bytebuddy\byte-buddy\1.9.7\byte-buddy-1.9.7.jar;C:\Users\mariajalves\.m2\repository\net\bytebuddy\byte-buddy-agent\1.9.7\byte-buddy-agent-1.9.7.jar;C:\Users\mariajalves\.m2\repository\org\objenesis\objenesis\2.6\objenesis-2.6.jar;C:\Users\mariajalves\eclipse\java-2019-093\eclipse\configuration\org.eclipse.osgi\227\0\.cp;C:\Users\mariajalves\eclipse\java-2019-093\eclipse\configuration\org.eclipse.osgi\226\0\.cp
Launcher Type: SUN_STANDARD

[Global flags]
     intx CICompilerCount                          = 4                                         {product} {ergonomic}
     uint ConcGCThreads                            = 2                                         {product} {ergonomic}
     uint G1ConcRefinementThreads                  = 8                                         {product} {ergonomic}
   size_t G1HeapRegionSize                         = 1048576                                   {product} {ergonomic}
    uintx GCDrainStackTargetSize                   = 64                                        {product} {ergonomic}
   size_t InitialHeapSize                          = 268435456                                 {product} {ergonomic}
   size_t MarkStackSize                            = 4194304                                   {product} {ergonomic}
   size_t MaxHeapSize                              = 4263510016                                {product} {ergonomic}
   size_t MaxNewSize                               = 2557476864                                {product} {ergonomic}
   size_t MinHeapDeltaBytes                        = 1048576                                   {product} {ergonomic}
   size_t MinHeapSize                              = 8388608                                   {product} {ergonomic}
    uintx NonNMethodCodeHeapSize                   = 5836300                                {pd product} {ergonomic}
    uintx NonProfiledCodeHeapSize                  = 122910970                              {pd product} {ergonomic}
    uintx ProfiledCodeHeapSize                     = 122910970                              {pd product} {ergonomic}
    uintx ReservedCodeCacheSize                    = 251658240                              {pd product} {ergonomic}
     bool SegmentedCodeCache                       = true                                      {product} {ergonomic}
   size_t SoftMaxHeapSize                          = 4263510016                             {manageable} {ergonomic}
     bool UseCompressedClassPointers               = true                                 {lp64_product} {ergonomic}
     bool UseCompressedOops                        = true                                 {lp64_product} {ergonomic}
     bool UseG1GC                                  = true                                      {product} {ergonomic}
     bool UseLargePagesIndividualAllocation        = false                                  {pd product} {ergonomic}

Logging:
Log output configuration:
 #0: stdout all=warning uptime,level,tags
 #1: stderr all=off uptime,level,tags

Environment Variables:
PATH=C:/Program Files/Java/jdk-11.0.5/bin/server;C:/Program Files/Java/jdk-11.0.5/bin;C:\Program Files\Java\jdk-11.0.5\bin;C:\Python27\;C:\Python27\Scripts;C:\Program Files\Java\jdk-13.0.1\bin;C:\Program Files (x86)\Common Files\Oracle\Java\javapath;C:\WINDOWS\system32;C:\WINDOWS;C:\WINDOWS\System32\Wbem;C:\WINDOWS\System32\WindowsPowerShell\v1.0\;C:\WINDOWS\System32\OpenSSH\;C:\Program Files (x86)\Intel\Intel(R) Management Engine Components\DAL;C:\Program Files\Intel\Intel(R) Management Engine Components\DAL;C:\Program Files\CrashPlan\jre\bin\server\;C:\Program Files\Microsoft SQL Server\Client SDK\ODBC\130\Tools\Binn\;C:\Program Files (x86)\Microsoft SQL Server\140\Tools\Binn\;C:\Program Files\Microsoft SQL Server\140\Tools\Binn\;C:\Program Files\Microsoft SQL Server\140\DTS\Binn\;C:\Program Files (x86)\Microsoft SQL Server\150\DTS\Binn\;C:\Program Files\Git\cmd;C:\Program Files (x86)\Bitvise SSH Client;C:\Program Files\nodejs\;C:\ProgramData\chocolatey\bin;C:\Users\mariajalves\AppData\Local\Microsoft\WindowsApps;;C:\Users\mariajalves\AppData\Local\Programs\Microsoft VS Code\bin;C:\Users\mariajalves\AppData\Roaming\npm;C:\WINDOWS\system32;
USERNAME=mariajalves
OS=Windows_NT
PROCESSOR_IDENTIFIER=Intel64 Family 6 Model 142 Stepping 10, GenuineIntel



---------------  S Y S T E M  ---------------

OS: Windows 10 , 64 bit Build 17763 (10.0.17763.475)

CPU:total 8 (initial active 8) (4 cores per cpu, 2 threads per core) family 6 model 142 stepping 10, cmov, cx8, fxsr, mmx, sse, sse2, sse3, ssse3, sse4.1, sse4.2, popcnt, avx, avx2, aes, clmul, erms, rtm, 3dnowpref, lzcnt, ht, tsc, tscinvbit, bmi1, bmi2, adx, fma

Memory: 4k page, system-wide physical 16262M (7950M free)
TotalPageFile size 18694M (AvailPageFile size 6566M)
current process WorkingSet (physical memory assigned to process): 82M, peak: 84M
current process commit charge ("private bytes"): 360M, peak: 361M

vm_info: Java HotSpot(TM) 64-Bit Server VM (13.0.1+9) for windows-amd64 JRE (13.0.1+9), built on Oct  6 2019 12:37:49 by "mach5one" with unknown MS VC++:1916

END.
